c:\users\user\documents\visual studio 2013\projects\coursebid\uilib2\debug\vc120.pdb
c:\users\user\documents\visual studio 2013\projects\coursebid\uilib2\debug\vc120.idb
c:\users\user\documents\visual studio 2013\projects\coursebid\uilib2\debug\source.obj
c:\users\user\documents\visual studio 2013\projects\coursebid\uilib2\debug\uilibrarycontext.obj
c:\users\user\documents\visual studio 2013\projects\coursebid\uilib2\debug\entrydisplaystate.obj
c:\users\user\documents\visual studio 2013\projects\coursebid\uilib2\debug\listdisplaystate.obj
c:\users\user\documents\visual studio 2013\projects\coursebid\uilib2\debug\studenteditingstate.obj
c:\users\user\documents\visual studio 2013\projects\coursebid\uilib2\debug\combstate.obj
c:\users\user\documents\visual studio 2013\projects\coursebid\uilib2\debug\courseeditingstate.obj
c:\users\user\documents\visual studio 2013\projects\coursebid\uilib2\debug\studentlisteditingstate.obj
c:\users\user\documents\visual studio 2013\projects\coursebid\uilib2\debug\courselisteditingstate.obj
c:\users\user\documents\visual studio 2013\projects\coursebid\uilib2\debug\prestate.obj
c:\users\user\documents\visual studio 2013\projects\coursebid\uilib2\debug\terminalstate.obj
c:\users\user\documents\visual studio 2013\projects\coursebid\uilib2\debug\terminalentrystate.obj
c:\users\user\documents\visual studio 2013\projects\coursebid\uilib2\debug\studentbiddingstate.obj
c:\users\user\documents\visual studio 2013\projects\coursebid\uilib2\debug\editformuladisplaystate.obj
c:\users\user\documents\visual studio 2013\projects\coursebid\uilib2\debug\loginsec.obj
c:\users\user\documents\visual studio 2013\projects\coursebid\uilib2\debug\studentlogin.obj
c:\users\user\documents\visual studio 2013\projects\coursebid\uilib2\debug\login.obj
c:\users\user\documents\visual studio 2013\projects\coursebid\uilib2\debug\calculate_shibetz_sec_state.obj
c:\users\user\documents\visual studio 2013\projects\coursebid\uilib2\debug\completedstate.obj
c:\users\user\documents\visual studio 2013\projects\coursebid\uilib2\debug\shibetz_students.obj
c:\users\user\documents\visual studio 2013\projects\coursebid\uilib2\debug\shibetz_courses.obj
c:\users\user\documents\visual studio 2013\projects\coursebid\uilib2\debug\studentfinalcoursesstate.obj
c:\users\user\documents\visual studio 2013\projects\coursebid\uilib2\debug\studentloginafterregdate.obj
c:\users\user\documents\visual studio 2013\projects\coursebid\uilib2\debug\systemlogin.obj
c:\users\user\documents\visual studio 2013\projects\coursebid\debug\uilib2.lib
c:\users\user\documents\visual studio 2013\projects\coursebid\uilib2\debug\uilib2.vcxprojresolveassemblyreference.cache
c:\users\user\documents\visual studio 2013\projects\coursebid\uilib2\debug\uilib2.tlog\cl.command.1.tlog
c:\users\user\documents\visual studio 2013\projects\coursebid\uilib2\debug\uilib2.tlog\cl.read.1.tlog
c:\users\user\documents\visual studio 2013\projects\coursebid\uilib2\debug\uilib2.tlog\cl.write.1.tlog
c:\users\user\documents\visual studio 2013\projects\coursebid\uilib2\debug\uilib2.tlog\lib-link.read.1.tlog
c:\users\user\documents\visual studio 2013\projects\coursebid\uilib2\debug\uilib2.tlog\lib-link.write.1.tlog
c:\users\user\documents\visual studio 2013\projects\coursebid\uilib2\debug\uilib2.tlog\lib.command.1.tlog
